{"message":"server is listening to port: 5000","level":"info"}
{"message":"admin in","level":"info"}
{"message":"admin in","level":"info"}
{"message":"admin in","level":"info"}
{"message":"admin in","level":"info"}
{"message":"admin in","level":"info"}
{"message":"admin in","level":"info"}
{"message":"admin in","level":"info"}
{"message":"admin in","level":"info"}
{"message":"admin in","level":"info"}
{"message":"admin in","level":"info"}
{"message":"admin in","level":"info"}
{"message":"admin in","level":"info"}
{"message":"admin in","level":"info"}
{"message":"admin in","level":"info"}
{"message":"admin in","level":"info"}
{"message":"admin in","level":"info"}
{"message":"admin in","level":"info"}
{"message":"admin in","level":"info"}
{"message":"admin in","level":"info"}
{"message":"admin in","level":"info"}
{"message":"admin in","level":"info"}
{"message":"admin in","level":"info"}
{"message":"admin in","level":"info"}
{"message":"server is listening to port: 5000","level":"info"}
{"message":"server is listening to port: 5000","level":"info"}
{"message":"server is listening to port: 5000","level":"info"}
{"message":"server is listening to port: 5000","level":"info"}
{"message":"server is listening to port: 5000","level":"info"}
{"message":"server is listening to port: 5000","level":"info"}
{"message":"server is listening to port: 5000","level":"info"}
{"message":"server is listening to port: 5000","level":"info"}
{"message":"PORT,HOST,USER,PASSWORD,DATABASE,DB_PORT,SECRET,ADMIN_SECRET --is missing in .env","level":"error"}
{"message":"server is listening to port: undefined","level":"info"}
{"message":"PORT,HOST,USER,PASSWORD,DATABASE,DB_PORT,SECRET,ADMIN_SECRET --is missing in .env","level":"error"}
{"message":"server is listening to port: undefined","level":"info"}
{"message":"PORT,HOST,USER,PASSWORD,DATABASE,DB_PORT,SECRET,ADMIN_SECRET --is missing in .env","level":"error"}
{"message":"server is listening to port: undefined","level":"info"}
{"message":"PORT,HOST,USER,PASSWORD,DATABASE,DB_PORT,SECRET,ADMIN_SECRET --is missing in .env","level":"error"}
{"message":"server is listening to port: undefined","level":"info"}
{"message":"PORT,HOST,USER,PASSWORD,DATABASE,DB_PORT,SECRET,ADMIN_SECRET --is missing in .env","level":"error"}
{"message":"server is listening to port: undefined","level":"info"}
{"message":"PORT,HOST,USER,PASSWORD,DATABASE,DB_PORT,SECRET,ADMIN_SECRET --is missing in .env","level":"error"}
{"message":"server is listening to port: undefined","level":"info"}
{"message":"server is listening to port: undefined","level":"info"}
{"message":"PORT,HOST,USER,PASSWORD,DATABASE,DB_PORT,SECRET,ADMIN_SECRET --is missing in .env","level":"error"}
{"message":"server is listening to port: undefined","level":"info"}
{"message":"server is listening to port: undefined","level":"info"}
{"message":"PORT,HOST,USER,PASSWORD,DATABASE,DB_PORT,SECRET,ADMIN_SECRET --is missing in .env","level":"error"}
{"message":"server is listening to port: undefined","level":"info"}
{"message":"PORT,HOST,USER,PASSWORD,DATABASE,DB_PORT,SECRET,ADMIN_SECRET --is missing in .env","level":"error"}
{"message":"server is listening to port: undefined","level":"info"}
{"message":"PORT,HOST,USER,PASSWORD,DATABASE,DB_PORT,SECRET,ADMIN_SECRET --is missing in .env","level":"error"}
{"message":"server is listening to port: undefined","level":"info"}
{"message":"PORT,HOST,USER,PASSWORD,DATABASE,DB_PORT,SECRET,ADMIN_SECRET --is missing in .env","level":"error"}
{"message":"server is listening to port: undefined","level":"info"}
{"message":"PORT,HOST,USER,PASSWORD,DATABASE,DB_PORT,SECRET,ADMIN_SECRET --is missing in .env","level":"error"}
{"message":"server is listening to port: undefined","level":"info"}
{"message":"PORT,HOST,USER,PASSWORD,DATABASE,DB_PORT,SECRET,ADMIN_SECRET --is missing in .env","level":"error"}
{"message":"server is listening to port: undefined","level":"info"}
{"message":"PORT,HOST,USER,PASSWORD,DATABASE,DB_PORT,SECRET,ADMIN_SECRET --is missing in .env","level":"error"}
{"message":"server is listening to port: undefined","level":"info"}
{"message":"PORT,HOST,USER,PASSWORD,DATABASE,DB_PORT,SECRET,ADMIN_SECRET --is missing in .env","level":"error"}
{"message":"server is listening to port: undefined","level":"info"}
{"message":"PORT,HOST,USER,PASSWORD,DATABASE,DB_PORT,SECRET,ADMIN_SECRET --is missing in .env","level":"error"}
{"message":"server is listening to port: undefined","level":"info"}
{"message":"PORT,HOST,USER,PASSWORD,DATABASE,DB_PORT,SECRET,ADMIN_SECRET --is missing in .env","level":"error"}
{"message":"server is listening to port: undefined","level":"info"}
{"message":"IN_PROD,PORT,HOST,USER,PASSWORD,DATABASE,DB_PORT,SECRET,ADMIN_SECRET --is missing in .env","level":"error"}
{"message":"server is listening to port: undefined","level":"info"}
{"message":"PORT,HOST,USER,PASSWORD,DATABASE,DB_PORT,SECRET,ADMIN_SECRET --is missing in .env","level":"error"}
{"message":"server is listening to port: undefined","level":"info"}
{"message":"PORT,HOST,USER,PASSWORD,DATABASE,DB_PORT,SECRET,ADMIN_SECRET --is missing in .env","level":"error"}
{"message":"server is listening to port: undefined","level":"info"}
{"message":"PORT,HOST,USER,PASSWORD,DATABASE,DB_PORT,SECRET,ADMIN_SECRET --is missing in .env","level":"error"}
{"message":"server is listening to port: undefined","level":"info"}
{"message":"PORT,HOST,USER,PASSWORD,DATABASE,DB_PORT,SECRET,ADMIN_SECRET --is missing in .env","level":"error"}
{"message":"server is listening to port: undefined","level":"info"}
{"message":"PORT,HOST,USER,PASSWORD,DATABASE,DB_PORT,SECRET,ADMIN_SECRET --is missing in .env","level":"error"}
{"message":"server is listening to port: undefined","level":"info"}
{"message":"PORT,HOST,USER,PASSWORD,DATABASE,DB_PORT,SECRET,ADMIN_SECRET --is missing in .env","level":"error"}
{"message":"server is listening to port: undefined","level":"info"}
{"message":"PORT,HOST,USER,PASSWORD,DATABASE,DB_PORT,SECRET,ADMIN_SECRET --is missing in .env","level":"error"}
{"message":"server is listening to port: undefined","level":"info"}
{"message":"PORT,HOST,USER,PASSWORD,DATABASE,DB_PORT,SECRET,ADMIN_SECRET --is missing in .env","level":"error"}
{"message":"server is listening to port: undefined","level":"info"}
{"message":"PORT,HOST,USER,PASSWORD,DATABASE,DB_PORT,SECRET,ADMIN_SECRET --is missing in .env","level":"error"}
{"message":"server is listening to port: undefined","level":"info"}
{"message":"server is listening to port: 5000","level":"info"}
{"message":"server is listening to port: 5000","level":"info"}
{"message":"server is listening to port: 5000","level":"info"}
{"message":"server is listening to port: 5000","level":"info"}
{"message":"server is listening to port: 5000","level":"info"}
{"message":"server is listening to port: 5000","level":"info"}
{"message":"server is listening to port: 5000","level":"info"}
{"message":"server is listening to port: 5000","level":"info"}
{"message":"server is listening to port: 5000","level":"info"}
{"message":"server is listening to port: 5000","level":"info"}
{"message":"server is listening to port: 5000","level":"info"}
{"message":"admin in","level":"info"}
{"message":"server is listening to port: 5000","level":"info"}
{"message":"server is listening to port: 5000","level":"info"}
{"message":"server is listening to port: 5000","level":"info"}
{"message":"server is listening to port: 5000","level":"info"}
{"message":"server is listening to port: 5000","level":"info"}
{"message":"admin in","level":"info"}
{"message":"admin in","level":"info"}
{"message":"admin in","level":"info"}
{"message":"admin in","level":"info"}
{"message":"admin in","level":"info"}
{"message":"admin in","level":"info"}
{"message":"admin in","level":"info"}
{"message":"admin in","level":"info"}
{"message":"admin in","level":"info"}
{"message":"admin in","level":"info"}
{"message":"admin in","level":"info"}
{"message":"admin in","level":"info"}
{"message":"admin in","level":"info"}
{"message":"admin in","level":"info"}
{"message":"admin in","level":"info"}
{"message":"admin in","level":"info"}
{"message":"admin in","level":"info"}
{"message":"admin in","level":"info"}
{"message":"admin in","level":"info"}
{"message":"admin in","level":"info"}
{"message":"admin in","level":"info"}
{"message":"admin in","level":"info"}
{"message":"admin in","level":"info"}
{"message":"admin in","level":"info"}
{"message":"admin in","level":"info"}
{"message":"admin in","level":"info"}
{"message":"admin in","level":"info"}
{"message":"admin in","level":"info"}
{"message":"admin in","level":"info"}
{"message":"admin in","level":"info"}
{"message":"admin in","level":"info"}
{"message":"admin in","level":"info"}
{"message":"admin in","level":"info"}
{"message":"admin in","level":"info"}
{"message":"admin in","level":"info"}
{"message":"admin in","level":"info"}
{"message":"admin in","level":"info"}
{"message":"admin in","level":"info"}
{"message":"admin in","level":"info"}
{"message":"admin in","level":"info"}
{"message":"admin in","level":"info"}
{"message":"admin in","level":"info"}
{"message":"admin in","level":"info"}
{"message":"admin in","level":"info"}
{"message":"admin in","level":"info"}
{"message":"admin in","level":"info"}
{"message":"admin in","level":"info"}
{"message":"admin in","level":"info"}
{"message":"admin in","level":"info"}
{"message":"admin in","level":"info"}
{"message":"admin in","level":"info"}
{"message":"admin in","level":"info"}
{"message":"admin in","level":"info"}
{"message":"admin in","level":"info"}
{"message":"admin in","level":"info"}
{"message":"admin in","level":"info"}
{"message":"admin in","level":"info"}
{"message":"admin in","level":"info"}
{"message":"admin in","level":"info"}
{"message":"admin in","level":"info"}
{"message":"admin in","level":"info"}
{"message":"admin in","level":"info"}
{"message":"admin in","level":"info"}
{"message":"admin in","level":"info"}
{"message":"admin in","level":"info"}
{"message":"admin in","level":"info"}
{"message":"admin in","level":"info"}
{"message":"admin in","level":"info"}
{"message":"admin in","level":"info"}
{"message":"admin in","level":"info"}
{"message":"admin in","level":"info"}
{"message":"server is listening to port: 5000","level":"info"}
